*2023.7.31-开始制作
*2023.8.9-开始记录
[2023.7.31]
01.已制作完基本UI（tkinter）
02.UI输入框可识别指令
03.加入bag
04.加入give
[2023.8.8]
01.优化
[2023.8.9]
01.text框光标自动置底（再也不用手动下划滚动条啦~）
02.添加侧边栏“信息”
[2023.9.2]
01.添加了“菜单”
02.“菜单”内新增“反馈”“帮助”
[2023.9.3]
01.修改了背包列表的获取方式
02.将“一键清屏”改为指令形式
03.简化了指令识别的过程
04.发现一个已知bug（未修复）
[2023.9.4]
01.优化
02.清屏指令更改为“/clean”
03.添加“伐木”（功能未完善）
[2023.9.5]
01.优化
02.import time
03.右下角新增程序开始运行时间
04.“伐木”功能完成一半
05.重新加入右键菜单（不过还是什么都没做<-咕咕咕）
[2023.11.24]
01.代码细节优化，改动较大
02.UI界面细节修复
03.import json
04.bag.dat改为bag.json格式
05.更新“伐木”功能，不过还是未完善
06.由于背包改为json，所以相应的背包操作give暂废弃
[2023.11.25]
01.重新加入give指令，格式为/give 物品 数量
[2023.12.8]
01./clean改为/clear
02./give改为/get
03.源码中将give函数作为给予机制
04.伐木机制完成
05.修复get/give问题（当json没有对应key时不能添加）
[2023.12.9]
01.添加实时显示伐木获得木头数量